[Mon Aug 06 19:55:17.108750 2018] [ssl:warn] [pid 3376:tid 492] AH01909: www.example.com:443:0 server certificate does NOT include an ID which matches the server name
[Mon Aug 06 19:55:19.608873 2018] [ssl:warn] [pid 3376:tid 492] AH01909: www.example.com:443:0 server certificate does NOT include an ID which matches the server name
[Mon Aug 06 19:55:37.944642 2018] [mpm_winnt:notice] [pid 3376:tid 492] AH00455: Apache/2.4.25 (Win32) OpenSSL/1.0.2j PHP/5.6.30 configured -- resuming normal operations
[Mon Aug 06 19:55:37.944642 2018] [mpm_winnt:notice] [pid 3376:tid 492] AH00456: Apache Lounge VC11 Server built: Dec 20 2016 13:02:04
[Mon Aug 06 19:55:37.944642 2018] [core:notice] [pid 3376:tid 492] AH00094: Command line: 'C:\\xampp\\apache\\bin\\httpd.exe -d C:/xampp/apache'
[Mon Aug 06 19:55:38.054022 2018] [mpm_winnt:notice] [pid 3376:tid 492] AH00418: Parent: Created child process 2320
[Mon Aug 06 19:55:39.069697 2018] [ssl:warn] [pid 2320:tid 540] AH01909: www.example.com:443:0 server certificate does NOT include an ID which matches the server name
[Mon Aug 06 19:55:39.272833 2018] [ssl:warn] [pid 2320:tid 540] AH01909: www.example.com:443:0 server certificate does NOT include an ID which matches the server name
[Mon Aug 06 19:55:39.397868 2018] [mpm_winnt:notice] [pid 2320:tid 540] AH00354: Child: Starting 150 worker threads.
[Tue Aug 07 12:15:48.589402 2018] [ssl:warn] [pid 2024:tid 544] AH01909: www.example.com:443:0 server certificate does NOT include an ID which matches the server name
[Tue Aug 07 12:15:48.933140 2018] [ssl:warn] [pid 2024:tid 544] AH01909: www.example.com:443:0 server certificate does NOT include an ID which matches the server name
[Tue Aug 07 12:15:52.511440 2018] [mpm_winnt:notice] [pid 2024:tid 544] AH00455: Apache/2.4.25 (Win32) OpenSSL/1.0.2j PHP/5.6.30 configured -- resuming normal operations
[Tue Aug 07 12:15:52.511440 2018] [mpm_winnt:notice] [pid 2024:tid 544] AH00456: Apache Lounge VC11 Server built: Dec 20 2016 13:02:04
[Tue Aug 07 12:15:52.511440 2018] [core:notice] [pid 2024:tid 544] AH00094: Command line: 'c:\\xampp\\apache\\bin\\httpd.exe -d C:/xampp/apache'
[Tue Aug 07 12:15:52.511440 2018] [mpm_winnt:notice] [pid 2024:tid 544] AH00418: Parent: Created child process 812
[Tue Aug 07 12:15:53.073965 2018] [ssl:warn] [pid 812:tid 140] AH01909: www.example.com:443:0 server certificate does NOT include an ID which matches the server name
[Tue Aug 07 12:15:53.277102 2018] [ssl:warn] [pid 812:tid 140] AH01909: www.example.com:443:0 server certificate does NOT include an ID which matches the server name
[Tue Aug 07 12:15:53.355229 2018] [mpm_winnt:notice] [pid 812:tid 140] AH00354: Child: Starting 150 worker threads.
[Tue Aug 07 12:25:49.233385 2018] [:error] [pid 812:tid 1792] [client ::1:49497] PHP Fatal error:  Maximum execution time of 30 seconds exceeded in C:\\xampp\\phpMyAdmin\\libraries\\Psr4Autoloader.php on line 91
[Tue Aug 07 12:25:49.249318 2018] [:error] [pid 812:tid 1816] [client ::1:49499] PHP Fatal error:  Maximum execution time of 30 seconds exceeded in C:\\xampp\\phpMyAdmin\\libraries\\session.inc.php on line 119
[Tue Aug 07 12:25:49.252319 2018] [:error] [pid 812:tid 1840] [client ::1:49500] PHP Fatal error:  Maximum execution time of 30 seconds exceeded in C:\\xampp\\phpMyAdmin\\libraries\\session.inc.php on line 119
[Tue Aug 07 13:15:06.239826 2018] [:error] [pid 812:tid 1844] [client ::1:49762] PHP Warning:  mysqli_query() expects parameter 1 to be mysqli, resource given in C:\\xampp\\htdocs\\LAND\\updateuser.php on line 31, referer: http://localhost/LAND/updateuser.php
[Tue Aug 07 13:17:31.279647 2018] [:error] [pid 812:tid 1844] [client ::1:49764] PHP Warning:  mysql_query() expects parameter 1 to be string, resource given in C:\\xampp\\htdocs\\LAND\\updateuser.php on line 31, referer: http://localhost/LAND/updateuser.php
[Tue Aug 07 13:18:52.289452 2018] [:error] [pid 812:tid 1824] [client ::1:49774] PHP Warning:  mysql_query() expects parameter 1 to be string, resource given in C:\\xampp\\htdocs\\LAND\\updateuser.php on line 31, referer: http://localhost/LAND/updateuser.php
[Tue Aug 07 13:20:23.875711 2018] [:error] [pid 812:tid 1824] [client ::1:49776] PHP Warning:  mysql_query() expects parameter 1 to be string, resource given in C:\\xampp\\htdocs\\LAND\\updateuser.php on line 31, referer: http://localhost/LAND/updateuser.php
[Tue Aug 07 13:21:29.277595 2018] [:error] [pid 812:tid 1816] [client ::1:49781] PHP Warning:  mysql_query() expects parameter 1 to be string, resource given in C:\\xampp\\htdocs\\LAND\\updateuser.php on line 31, referer: http://localhost/LAND/updateuser.php
[Tue Aug 07 13:23:51.540179 2018] [:error] [pid 812:tid 1816] [client ::1:49786] PHP Notice:  Undefined variable: username in C:\\xampp\\htdocs\\LAND\\updateuser.php on line 23, referer: http://localhost/LAND/updateuser.php
[Tue Aug 07 13:23:51.540179 2018] [:error] [pid 812:tid 1816] [client ::1:49786] PHP Notice:  Undefined variable: password in C:\\xampp\\htdocs\\LAND\\updateuser.php on line 23, referer: http://localhost/LAND/updateuser.php
[Tue Aug 07 13:41:16.849563 2018] [:error] [pid 812:tid 1816] [client ::1:49852] PHP Notice:  Undefined index: id in C:\\xampp\\htdocs\\LAND\\deleteuser.php on line 13, referer: http://localhost/LAND/viewuser.php
[Tue Aug 07 13:41:18.255471 2018] [:error] [pid 812:tid 1816] [client ::1:49852] PHP Notice:  Undefined index: id in C:\\xampp\\htdocs\\LAND\\deleteuser.php on line 13, referer: http://localhost/LAND/viewuser.php
[Tue Aug 07 13:41:19.113244 2018] [:error] [pid 812:tid 1816] [client ::1:49852] PHP Notice:  Undefined index: id in C:\\xampp\\htdocs\\LAND\\deleteuser.php on line 13, referer: http://localhost/LAND/viewuser.php
[Tue Aug 07 13:41:20.556871 2018] [:error] [pid 812:tid 1816] [client ::1:49852] PHP Notice:  Undefined index: id in C:\\xampp\\htdocs\\LAND\\deleteuser.php on line 13, referer: http://localhost/LAND/viewuser.php
[Tue Aug 07 13:41:21.263202 2018] [:error] [pid 812:tid 1816] [client ::1:49852] PHP Notice:  Undefined index: id in C:\\xampp\\htdocs\\LAND\\deleteuser.php on line 13, referer: http://localhost/LAND/viewuser.php
[Tue Aug 07 13:41:21.846730 2018] [:error] [pid 812:tid 1816] [client ::1:49852] PHP Notice:  Undefined index: id in C:\\xampp\\htdocs\\LAND\\deleteuser.php on line 13, referer: http://localhost/LAND/viewuser.php
[Tue Aug 07 13:41:22.469062 2018] [:error] [pid 812:tid 1816] [client ::1:49852] PHP Notice:  Undefined index: id in C:\\xampp\\htdocs\\LAND\\deleteuser.php on line 13, referer: http://localhost/LAND/viewuser.php
[Tue Aug 07 13:41:22.692304 2018] [:error] [pid 812:tid 1816] [client ::1:49852] PHP Notice:  Undefined index: id in C:\\xampp\\htdocs\\LAND\\deleteuser.php on line 13, referer: http://localhost/LAND/viewuser.php
[Tue Aug 07 13:41:59.735271 2018] [:error] [pid 812:tid 1844] [client ::1:49883] PHP Notice:  Undefined index: id in C:\\xampp\\htdocs\\LAND\\deleteuser.php on line 13, referer: http://localhost/LAND/viewuser.php
[Tue Aug 07 13:42:00.500510 2018] [:error] [pid 812:tid 1844] [client ::1:49883] PHP Notice:  Undefined index: id in C:\\xampp\\htdocs\\LAND\\deleteuser.php on line 13, referer: http://localhost/LAND/viewuser.php
[Tue Aug 07 13:42:01.019594 2018] [:error] [pid 812:tid 1844] [client ::1:49883] PHP Notice:  Undefined index: id in C:\\xampp\\htdocs\\LAND\\deleteuser.php on line 13, referer: http://localhost/LAND/viewuser.php
[Tue Aug 07 13:42:01.340846 2018] [:error] [pid 812:tid 1844] [client ::1:49883] PHP Notice:  Undefined index: id in C:\\xampp\\htdocs\\LAND\\deleteuser.php on line 13, referer: http://localhost/LAND/viewuser.php
[Tue Aug 07 14:14:37.453718 2018] [:error] [pid 812:tid 1808] [client ::1:49914] PHP Warning:  mysql_query() expects parameter 1 to be string, resource given in C:\\xampp\\htdocs\\LAND\\updateuser.php on line 28, referer: http://localhost/LAND/updateuser.php
[Tue Aug 07 14:23:54.555900 2018] [:error] [pid 812:tid 1844] [client ::1:49948] PHP Notice:  Undefined index: id in C:\\xampp\\htdocs\\LAND\\deluser.php on line 13, referer: http://localhost/LAND/viewuser.php
[Tue Aug 07 14:23:54.555900 2018] [:error] [pid 812:tid 1844] [client ::1:49948] PHP Warning:  mysqli_query() expects at least 2 parameters, 1 given in C:\\xampp\\htdocs\\LAND\\deluser.php on line 15, referer: http://localhost/LAND/viewuser.php
[Tue Aug 07 14:23:55.593294 2018] [:error] [pid 812:tid 1844] [client ::1:49948] PHP Notice:  Undefined index: id in C:\\xampp\\htdocs\\LAND\\deluser.php on line 13, referer: http://localhost/LAND/viewuser.php
[Tue Aug 07 14:23:55.594295 2018] [:error] [pid 812:tid 1844] [client ::1:49948] PHP Warning:  mysqli_query() expects at least 2 parameters, 1 given in C:\\xampp\\htdocs\\LAND\\deluser.php on line 15, referer: http://localhost/LAND/viewuser.php
[Tue Aug 07 14:23:56.205122 2018] [:error] [pid 812:tid 1844] [client ::1:49948] PHP Notice:  Undefined index: id in C:\\xampp\\htdocs\\LAND\\deluser.php on line 13, referer: http://localhost/LAND/viewuser.php
[Tue Aug 07 14:23:56.205122 2018] [:error] [pid 812:tid 1844] [client ::1:49948] PHP Warning:  mysqli_query() expects at least 2 parameters, 1 given in C:\\xampp\\htdocs\\LAND\\deluser.php on line 15, referer: http://localhost/LAND/viewuser.php
[Tue Aug 07 14:23:57.030727 2018] [:error] [pid 812:tid 1844] [client ::1:49948] PHP Notice:  Undefined index: id in C:\\xampp\\htdocs\\LAND\\deluser.php on line 13, referer: http://localhost/LAND/viewuser.php
[Tue Aug 07 14:23:57.031728 2018] [:error] [pid 812:tid 1844] [client ::1:49948] PHP Warning:  mysqli_query() expects at least 2 parameters, 1 given in C:\\xampp\\htdocs\\LAND\\deluser.php on line 15, referer: http://localhost/LAND/viewuser.php
[Tue Aug 07 14:23:57.309271 2018] [:error] [pid 812:tid 1844] [client ::1:49948] PHP Notice:  Undefined index: id in C:\\xampp\\htdocs\\LAND\\deluser.php on line 13, referer: http://localhost/LAND/viewuser.php
[Tue Aug 07 14:23:57.310272 2018] [:error] [pid 812:tid 1844] [client ::1:49948] PHP Warning:  mysqli_query() expects at least 2 parameters, 1 given in C:\\xampp\\htdocs\\LAND\\deluser.php on line 15, referer: http://localhost/LAND/viewuser.php
[Tue Aug 07 14:23:57.588129 2018] [:error] [pid 812:tid 1844] [client ::1:49948] PHP Notice:  Undefined index: id in C:\\xampp\\htdocs\\LAND\\deluser.php on line 13, referer: http://localhost/LAND/viewuser.php
[Tue Aug 07 14:23:57.588129 2018] [:error] [pid 812:tid 1844] [client ::1:49948] PHP Warning:  mysqli_query() expects at least 2 parameters, 1 given in C:\\xampp\\htdocs\\LAND\\deluser.php on line 15, referer: http://localhost/LAND/viewuser.php
[Tue Aug 07 14:24:20.179542 2018] [:error] [pid 812:tid 1808] [client ::1:49964] PHP Notice:  Undefined index: id in C:\\xampp\\htdocs\\LAND\\deluser.php on line 13, referer: http://localhost/LAND/viewuser.php
[Tue Aug 07 14:24:20.179542 2018] [:error] [pid 812:tid 1808] [client ::1:49964] PHP Warning:  mysqli_query() expects at least 2 parameters, 1 given in C:\\xampp\\htdocs\\LAND\\deluser.php on line 15, referer: http://localhost/LAND/viewuser.php
[Tue Aug 07 14:24:20.947092 2018] [:error] [pid 812:tid 1808] [client ::1:49964] PHP Notice:  Undefined index: id in C:\\xampp\\htdocs\\LAND\\deluser.php on line 13, referer: http://localhost/LAND/viewuser.php
[Tue Aug 07 14:24:20.947092 2018] [:error] [pid 812:tid 1808] [client ::1:49964] PHP Warning:  mysqli_query() expects at least 2 parameters, 1 given in C:\\xampp\\htdocs\\LAND\\deluser.php on line 15, referer: http://localhost/LAND/viewuser.php
[Tue Aug 07 14:24:21.598167 2018] [:error] [pid 812:tid 1808] [client ::1:49964] PHP Notice:  Undefined index: id in C:\\xampp\\htdocs\\LAND\\deluser.php on line 13, referer: http://localhost/LAND/viewuser.php
[Tue Aug 07 14:24:21.599167 2018] [:error] [pid 812:tid 1808] [client ::1:49964] PHP Warning:  mysqli_query() expects at least 2 parameters, 1 given in C:\\xampp\\htdocs\\LAND\\deluser.php on line 15, referer: http://localhost/LAND/viewuser.php
[Tue Aug 07 14:24:22.119613 2018] [:error] [pid 812:tid 1808] [client ::1:49964] PHP Notice:  Undefined index: id in C:\\xampp\\htdocs\\LAND\\deluser.php on line 13, referer: http://localhost/LAND/viewuser.php
[Tue Aug 07 14:24:22.120614 2018] [:error] [pid 812:tid 1808] [client ::1:49964] PHP Warning:  mysqli_query() expects at least 2 parameters, 1 given in C:\\xampp\\htdocs\\LAND\\deluser.php on line 15, referer: http://localhost/LAND/viewuser.php
[Tue Aug 07 14:24:22.635406 2018] [:error] [pid 812:tid 1808] [client ::1:49964] PHP Notice:  Undefined index: id in C:\\xampp\\htdocs\\LAND\\deluser.php on line 13, referer: http://localhost/LAND/viewuser.php
[Tue Aug 07 14:24:22.635406 2018] [:error] [pid 812:tid 1808] [client ::1:49964] PHP Warning:  mysqli_query() expects at least 2 parameters, 1 given in C:\\xampp\\htdocs\\LAND\\deluser.php on line 15, referer: http://localhost/LAND/viewuser.php
[Tue Aug 07 14:24:23.165935 2018] [:error] [pid 812:tid 1808] [client ::1:49964] PHP Notice:  Undefined index: id in C:\\xampp\\htdocs\\LAND\\deluser.php on line 13, referer: http://localhost/LAND/viewuser.php
[Tue Aug 07 14:24:23.166936 2018] [:error] [pid 812:tid 1808] [client ::1:49964] PHP Warning:  mysqli_query() expects at least 2 parameters, 1 given in C:\\xampp\\htdocs\\LAND\\deluser.php on line 15, referer: http://localhost/LAND/viewuser.php
[Tue Aug 07 14:24:23.631876 2018] [:error] [pid 812:tid 1808] [client ::1:49964] PHP Notice:  Undefined index: id in C:\\xampp\\htdocs\\LAND\\deluser.php on line 13, referer: http://localhost/LAND/viewuser.php
[Tue Aug 07 14:24:23.631876 2018] [:error] [pid 812:tid 1808] [client ::1:49964] PHP Warning:  mysqli_query() expects at least 2 parameters, 1 given in C:\\xampp\\htdocs\\LAND\\deluser.php on line 15, referer: http://localhost/LAND/viewuser.php
[Tue Aug 07 14:24:24.152799 2018] [:error] [pid 812:tid 1808] [client ::1:49964] PHP Notice:  Undefined index: id in C:\\xampp\\htdocs\\LAND\\deluser.php on line 13, referer: http://localhost/LAND/viewuser.php
[Tue Aug 07 14:24:24.152799 2018] [:error] [pid 812:tid 1808] [client ::1:49964] PHP Warning:  mysqli_query() expects at least 2 parameters, 1 given in C:\\xampp\\htdocs\\LAND\\deluser.php on line 15, referer: http://localhost/LAND/viewuser.php
[Tue Aug 07 14:24:24.623066 2018] [:error] [pid 812:tid 1808] [client ::1:49964] PHP Notice:  Undefined index: id in C:\\xampp\\htdocs\\LAND\\deluser.php on line 13, referer: http://localhost/LAND/viewuser.php
[Tue Aug 07 14:24:24.623066 2018] [:error] [pid 812:tid 1808] [client ::1:49964] PHP Warning:  mysqli_query() expects at least 2 parameters, 1 given in C:\\xampp\\htdocs\\LAND\\deluser.php on line 15, referer: http://localhost/LAND/viewuser.php
[Tue Aug 07 14:24:36.527901 2018] [:error] [pid 812:tid 1816] [client ::1:49991] PHP Notice:  Undefined index: id in C:\\xampp\\htdocs\\LAND\\deluser.php on line 13, referer: http://localhost/LAND/viewuser.php
[Tue Aug 07 14:24:36.528901 2018] [:error] [pid 812:tid 1816] [client ::1:49991] PHP Warning:  mysqli_query() expects at least 2 parameters, 1 given in C:\\xampp\\htdocs\\LAND\\deluser.php on line 15, referer: http://localhost/LAND/viewuser.php
[Tue Aug 07 14:25:11.222273 2018] [:error] [pid 812:tid 1844] [client ::1:49997] PHP Notice:  Undefined index: id in C:\\xampp\\htdocs\\LAND\\deluser.php on line 13, referer: http://localhost/LAND/viewuser.php
[Tue Aug 07 14:25:12.315181 2018] [:error] [pid 812:tid 1844] [client ::1:49997] PHP Notice:  Undefined index: id in C:\\xampp\\htdocs\\LAND\\deluser.php on line 13, referer: http://localhost/LAND/viewuser.php
[Tue Aug 07 14:25:52.047521 2018] [:error] [pid 812:tid 1808] [client ::1:50007] PHP Notice:  Undefined index: id in C:\\xampp\\htdocs\\LAND\\deluser.php on line 13, referer: http://localhost/LAND/viewuser.php
[Tue Aug 07 14:25:52.665473 2018] [:error] [pid 812:tid 1808] [client ::1:50007] PHP Notice:  Undefined index: id in C:\\xampp\\htdocs\\LAND\\deluser.php on line 13, referer: http://localhost/LAND/viewuser.php
[Tue Aug 07 14:25:52.971756 2018] [:error] [pid 812:tid 1808] [client ::1:50007] PHP Notice:  Undefined index: id in C:\\xampp\\htdocs\\LAND\\deluser.php on line 13, referer: http://localhost/LAND/viewuser.php
[Tue Aug 07 14:25:53.193582 2018] [:error] [pid 812:tid 1808] [client ::1:50007] PHP Notice:  Undefined index: id in C:\\xampp\\htdocs\\LAND\\deluser.php on line 13, referer: http://localhost/LAND/viewuser.php
[Tue Aug 07 14:25:53.432896 2018] [:error] [pid 812:tid 1808] [client ::1:50007] PHP Notice:  Undefined index: id in C:\\xampp\\htdocs\\LAND\\deluser.php on line 13, referer: http://localhost/LAND/viewuser.php
[Tue Aug 07 14:25:54.785608 2018] [:error] [pid 812:tid 1808] [client ::1:50007] PHP Notice:  Undefined index: id in C:\\xampp\\htdocs\\LAND\\deluser.php on line 13, referer: http://localhost/LAND/viewuser.php
[Tue Aug 07 14:27:13.094315 2018] [:error] [pid 812:tid 1792] [client ::1:50022] PHP Warning:  mysql_select_db() expects parameter 1 to be string, resource given in C:\\xampp\\htdocs\\LAND\\deluser.php on line 11, referer: http://localhost/LAND/viewuser.php
[Tue Aug 07 14:27:13.094315 2018] [:error] [pid 812:tid 1792] [client ::1:50022] PHP Notice:  Undefined index: id in C:\\xampp\\htdocs\\LAND\\deluser.php on line 12, referer: http://localhost/LAND/viewuser.php
[Tue Aug 07 14:31:48.191747 2018] [:error] [pid 812:tid 1816] [client ::1:50030] PHP Parse error:  syntax error, unexpected 'mysqli_close' (T_STRING) in C:\\xampp\\htdocs\\LAND\\deluser.php on line 19, referer: http://localhost/LAND/viewuser.php
[Tue Aug 07 14:52:26.387347 2018] [:error] [pid 812:tid 1800] [client ::1:50196] PHP Notice:  Undefined index: irangamimerere in C:\\xampp\\htdocs\\LAND\\view1reg.php on line 57
[Tue Aug 07 14:52:28.605721 2018] [:error] [pid 812:tid 1792] [client ::1:50197] PHP Notice:  Undefined index: id in C:\\xampp\\htdocs\\LAND\\update1reg.php on line 65, referer: http://localhost/LAND/view1reg.php
[Tue Aug 07 14:52:28.605721 2018] [:error] [pid 812:tid 1792] [client ::1:50197] PHP Warning:  mysql_query() expects parameter 1 to be string, object given in C:\\xampp\\htdocs\\LAND\\update1reg.php on line 66, referer: http://localhost/LAND/view1reg.php
[Wed Aug 08 13:16:19.590251 2018] [ssl:warn] [pid 932:tid 504] AH01909: www.example.com:443:0 server certificate does NOT include an ID which matches the server name
[Wed Aug 08 13:16:19.715271 2018] [core:warn] [pid 932:tid 504] AH00098: pid file C:/xampp/apache/logs/httpd.pid overwritten -- Unclean shutdown of previous Apache run?
[Wed Aug 08 13:16:19.809013 2018] [ssl:warn] [pid 932:tid 504] AH01909: www.example.com:443:0 server certificate does NOT include an ID which matches the server name
[Wed Aug 08 13:16:19.871514 2018] [mpm_winnt:notice] [pid 932:tid 504] AH00455: Apache/2.4.25 (Win32) OpenSSL/1.0.2j PHP/5.6.30 configured -- resuming normal operations
[Wed Aug 08 13:16:19.871514 2018] [mpm_winnt:notice] [pid 932:tid 504] AH00456: Apache Lounge VC11 Server built: Dec 20 2016 13:02:04
[Wed Aug 08 13:16:19.871514 2018] [core:notice] [pid 932:tid 504] AH00094: Command line: 'c:\\xampp\\apache\\bin\\httpd.exe -d C:/xampp/apache'
[Wed Aug 08 13:16:19.871514 2018] [mpm_winnt:notice] [pid 932:tid 504] AH00418: Parent: Created child process 524
[Wed Aug 08 13:16:20.434039 2018] [ssl:warn] [pid 524:tid 512] AH01909: www.example.com:443:0 server certificate does NOT include an ID which matches the server name
[Wed Aug 08 13:16:20.684052 2018] [ssl:warn] [pid 524:tid 512] AH01909: www.example.com:443:0 server certificate does NOT include an ID which matches the server name
[Wed Aug 08 13:16:20.730933 2018] [mpm_winnt:notice] [pid 524:tid 512] AH00354: Child: Starting 150 worker threads.
[Wed Aug 08 13:28:55.181781 2018] [:error] [pid 524:tid 1816] [client ::1:49435] PHP Notice:  Undefined index: irangamimerere in C:\\xampp\\htdocs\\LAND\\view1reg.php on line 57
[Wed Aug 08 13:38:31.831022 2018] [:error] [pid 524:tid 1808] [client ::1:49527] PHP Warning:  mysqli_connect(): (HY000/1049): Unknown database 'dusingize' in C:\\xampp\\htdocs\\LAND\\1search.php on line 27, referer: http://localhost/LAND/view1reg.php
[Wed Aug 08 13:38:34.821744 2018] [:error] [pid 524:tid 1808] [client ::1:49527] script 'C:/xampp/htdocs/LAND/home.php' not found or unable to stat, referer: http://localhost/LAND/1search.php
[Wed Aug 08 14:06:43.852120 2018] [:error] [pid 524:tid 1808] [client ::1:49546] PHP Notice:  Undefined index: me1 in C:\\xampp\\htdocs\\LAND\\1search.php on line 30, referer: http://localhost/LAND/1search.php
[Wed Aug 08 14:06:55.787298 2018] [:error] [pid 524:tid 1808] [client ::1:49549] PHP Notice:  Undefined index: me1 in C:\\xampp\\htdocs\\LAND\\1search.php on line 30, referer: http://localhost/LAND/1search.php
[Wed Aug 08 14:06:56.636573 2018] [:error] [pid 524:tid 1808] [client ::1:49549] PHP Notice:  Undefined index: me1 in C:\\xampp\\htdocs\\LAND\\1search.php on line 30, referer: http://localhost/LAND/1search.php
[Wed Aug 08 14:08:06.239601 2018] [:error] [pid 524:tid 1808] [client ::1:49562] PHP Notice:  Undefined index: me1 in C:\\xampp\\htdocs\\LAND\\1search.php on line 30, referer: http://localhost/LAND/1search.php
[Wed Aug 08 14:08:12.023003 2018] [:error] [pid 524:tid 1808] [client ::1:49565] PHP Notice:  Undefined index: me1 in C:\\xampp\\htdocs\\LAND\\1search.php on line 30, referer: http://localhost/LAND/1search.php
[Wed Aug 08 14:09:15.922536 2018] [:error] [pid 524:tid 1808] [client ::1:49568] PHP Notice:  Undefined index: me1 in C:\\xampp\\htdocs\\LAND\\1search.php on line 30, referer: http://localhost/LAND/1search.php
[Wed Aug 08 14:09:36.493564 2018] [:error] [pid 524:tid 1808] [client ::1:49571] PHP Notice:  Undefined index: me1 in C:\\xampp\\htdocs\\LAND\\1search.php on line 30, referer: http://localhost/LAND/1search.php
[Wed Aug 08 14:10:03.631795 2018] [:error] [pid 524:tid 1808] [client ::1:49574] PHP Notice:  Undefined variable: me1 in C:\\xampp\\htdocs\\LAND\\1search.php on line 30, referer: http://localhost/LAND/1search.php
[Wed Aug 08 14:11:06.149343 2018] [:error] [pid 524:tid 1844] [client ::1:49591] PHP Notice:  Undefined variable: me1 in C:\\xampp\\htdocs\\LAND\\1search.php on line 30, referer: http://localhost/LAND/view1reg.php
[Wed Aug 08 14:11:24.098295 2018] [:error] [pid 524:tid 1844] [client ::1:49600] PHP Notice:  Undefined variable: me1 in C:\\xampp\\htdocs\\LAND\\1search.php on line 30, referer: http://localhost/LAND/view1reg.php
[Wed Aug 08 14:18:23.418410 2018] [:error] [pid 524:tid 1824] [client ::1:49618] PHP Notice:  Undefined variable: me1 in C:\\xampp\\htdocs\\LAND\\1search.php on line 30, referer: http://localhost/LAND/view1reg.php
[Wed Aug 08 14:18:53.041811 2018] [:error] [pid 524:tid 1816] [client ::1:49624] PHP Notice:  Undefined variable: me1 in C:\\xampp\\htdocs\\LAND\\1search.php on line 30, referer: http://localhost/LAND/viewuser.php
[Wed Aug 08 14:19:33.167640 2018] [:error] [pid 524:tid 1840] [client ::1:49633] PHP Notice:  Undefined index: username in C:\\xampp\\htdocs\\LAND\\usersearch.php on line 29, referer: http://localhost/LAND/viewuser.php
[Wed Aug 08 14:20:19.758568 2018] [:error] [pid 524:tid 1840] [client ::1:49650] PHP Notice:  Undefined index: username in C:\\xampp\\htdocs\\LAND\\usersearch.php on line 29, referer: http://localhost/LAND/usersearch.php
